<?xml version="1.0" encoding="UTF-8"?>
<!-- Generated by org.testng.reporters.JUnitReportReporter -->
<testsuite hostname="DESKTOP-B3RUGJF" failures="0" tests="1" name="TestCases.TC_AddtocartTest_003" time="9.391" errors="0" timestamp="2022-10-17T23:33:02 IST" skipped="0">
  <testcase classname="TestCases.TC_AddtocartTest_003" name="Addtocart" time="9.391"/>
  <system-out/>
</testsuite> <!-- TestCases.TC_AddtocartTest_003 -->
