<?xml version="1.0" encoding="UTF-8"?>
<!-- Generated by org.testng.reporters.JUnitReportReporter -->
<testsuite hostname="DESKTOP-B3RUGJF" failures="0" tests="1" name="TestCases.TC_LoginTest_001" time="5.806" errors="0" timestamp="2022-10-17T23:33:02 IST" skipped="0">
  <testcase classname="TestCases.TC_LoginTest_001" name="loginTest" time="5.806"/>
  <system-out/>
</testsuite> <!-- TestCases.TC_LoginTest_001 -->
